  enlighting_searching.c
e:\coding\c_language\fivestep\fivestep\enlighting_searching.c(367): warning C4013: “system”未定义；假设外部返回 int
  minimax.c
e:\coding\c_language\fivestep\fivestep\minimax.c(111): warning C4013: “Searching_Hashing2”未定义；假设外部返回 int
e:\coding\c_language\fivestep\fivestep\minimax.c(138): warning C4013: “abs”未定义；假设外部返回 int
e:\coding\c_language\fivestep\fivestep\minimax.c(138): warning C4244: “=”: 从“double”转换到“long”，可能丢失数据
e:\coding\c_language\fivestep\fivestep\minimax.c(139): warning C4244: “=”: 从“double”转换到“long”，可能丢失数据
e:\coding\c_language\fivestep\fivestep\minimax.c(604): warning C4244: “=”: 从“double”转换到“long”，可能丢失数据
e:\coding\c_language\fivestep\fivestep\minimax.c(605): warning C4244: “=”: 从“double”转换到“long”，可能丢失数据
e:\coding\c_language\fivestep\fivestep\minimax.c(968): warning C4244: “=”: 从“double”转换到“long”，可能丢失数据
e:\coding\c_language\fivestep\fivestep\minimax.c(969): warning C4244: “=”: 从“double”转换到“long”，可能丢失数据
e:\coding\c_language\fivestep\fivestep\minimax.c(409): warning C4996: 'strncpy': This function or variable may be unsafe. Consider using strncpy_s instead. To disable deprecation, use _CRT_SECURE_NO_WARNINGS. See online help for details.
  c:\program files (x86)\windows kits\10\include\10.0.17134.0\ucrt\string.h(338): note: 参见“strncpy”的声明
e:\coding\c_language\fivestep\fivestep\minimax.c(410): warning C4996: 'strncpy': This function or variable may be unsafe. Consider using strncpy_s instead. To disable deprecation, use _CRT_SECURE_NO_WARNINGS. See online help for details.
  c:\program files (x86)\windows kits\10\include\10.0.17134.0\ucrt\string.h(338): note: 参见“strncpy”的声明
e:\coding\c_language\fivestep\fivestep\minimax.c(450): warning C4996: 'strncpy': This function or variable may be unsafe. Consider using strncpy_s instead. To disable deprecation, use _CRT_SECURE_NO_WARNINGS. See online help for details.
  c:\program files (x86)\windows kits\10\include\10.0.17134.0\ucrt\string.h(338): note: 参见“strncpy”的声明
e:\coding\c_language\fivestep\fivestep\minimax.c(481): warning C4996: 'strncpy': This function or variable may be unsafe. Consider using strncpy_s instead. To disable deprecation, use _CRT_SECURE_NO_WARNINGS. See online help for details.
  c:\program files (x86)\windows kits\10\include\10.0.17134.0\ucrt\string.h(338): note: 参见“strncpy”的声明
e:\coding\c_language\fivestep\fivestep\minimax.c(489): warning C4996: 'strncpy': This function or variable may be unsafe. Consider using strncpy_s instead. To disable deprecation, use _CRT_SECURE_NO_WARNINGS. See online help for details.
  c:\program files (x86)\windows kits\10\include\10.0.17134.0\ucrt\string.h(338): note: 参见“strncpy”的声明
e:\coding\c_language\fivestep\fivestep\minimax.c(821): warning C4996: 'strncpy': This function or variable may be unsafe. Consider using strncpy_s instead. To disable deprecation, use _CRT_SECURE_NO_WARNINGS. See online help for details.
  c:\program files (x86)\windows kits\10\include\10.0.17134.0\ucrt\string.h(338): note: 参见“strncpy”的声明
e:\coding\c_language\fivestep\fivestep\minimax.c(822): warning C4996: 'strncpy': This function or variable may be unsafe. Consider using strncpy_s instead. To disable deprecation, use _CRT_SECURE_NO_WARNINGS. See online help for details.
  c:\program files (x86)\windows kits\10\include\10.0.17134.0\ucrt\string.h(338): note: 参见“strncpy”的声明
e:\coding\c_language\fivestep\fivestep\minimax.c(864): warning C4996: 'strncpy': This function or variable may be unsafe. Consider using strncpy_s instead. To disable deprecation, use _CRT_SECURE_NO_WARNINGS. See online help for details.
  c:\program files (x86)\windows kits\10\include\10.0.17134.0\ucrt\string.h(338): note: 参见“strncpy”的声明
e:\coding\c_language\fivestep\fivestep\minimax.c(892): warning C4996: 'strncpy': This function or variable may be unsafe. Consider using strncpy_s instead. To disable deprecation, use _CRT_SECURE_NO_WARNINGS. See online help for details.
  c:\program files (x86)\windows kits\10\include\10.0.17134.0\ucrt\string.h(338): note: 参见“strncpy”的声明
e:\coding\c_language\fivestep\fivestep\minimax.c(899): warning C4996: 'strncpy': This function or variable may be unsafe. Consider using strncpy_s instead. To disable deprecation, use _CRT_SECURE_NO_WARNINGS. See online help for details.
  c:\program files (x86)\windows kits\10\include\10.0.17134.0\ucrt\string.h(338): note: 参见“strncpy”的声明
  正在生成代码...
  fivestep.vcxproj -> E:\coding\C_language\fivestep\Debug\fivestep.exe
